{"msg":"loading pack config","level":"INFO","ts":"2017-09-28T20:23:03.034790800+01:00"}
{"msg":"caching maven artifact","level":"INFO","ts":"2017-09-28T20:23:03.049295700+01:00","cached_path":"./mvn_cache/net\\minecraftforge\\forge\\1.12-14.21.1.2387\\forge-1.12-14.21.1.2387-universal.jar","repo":"http://files.minecraftforge.net/maven/","artifact":"net.minecraftforge:forge:1.12-14.21.1.2387:universal@jar","stage":"install_forge"}
{"msg":"artifact was already cached","level":"INFO","ts":"2017-09-28T20:23:03.053798800+01:00","cached_path":"./mvn_cache/net\\minecraftforge\\forge\\1.12-14.21.1.2387\\forge-1.12-14.21.1.2387-universal.jar","repo":"http://files.minecraftforge.net/maven/","artifact":"net.minecraftforge:forge:1.12-14.21.1.2387:universal@jar","stage":"install_forge"}
{"msg":"Opening forge jar","level":"DEBG","ts":"2017-09-28T20:23:03.056794300+01:00","stage":"install_forge"}
{"msg":"Reading version json","level":"DEBG","ts":"2017-09-28T20:23:03.248323800+01:00","stage":"install_forge"}
{"msg":"creating profile folder","level":"DEBG","ts":"2017-09-28T20:23:03.255819500+01:00","stage":"install_forge"}
{"msg":"saving version json to minecraft install loc","level":"DEBG","ts":"2017-09-28T20:23:03.263820200+01:00","stage":"install_forge"}
{"msg":"Applying version json hacks","level":"DEBG","ts":"2017-09-28T20:23:03.266820500+01:00","stage":"install_forge"}
{"msg":"caching maven artifact","level":"INFO","ts":"2017-09-28T20:23:03.293325600+01:00","cached_path":"./mvn_cache/net\\minecraftforge\\forge\\1.12-14.21.1.2387\\forge-1.12-14.21.1.2387-universal.jar","repo":"http://files.minecraftforge.net/maven/","artifact":"net.minecraftforge:forge:1.12-14.21.1.2387:universal@jar","stage":"install_forge"}
{"msg":"artifact was already cached","level":"INFO","ts":"2017-09-28T20:23:03.296328800+01:00","cached_path":"./mvn_cache/net\\minecraftforge\\forge\\1.12-14.21.1.2387\\forge-1.12-14.21.1.2387-universal.jar","repo":"http://files.minecraftforge.net/maven/","artifact":"net.minecraftforge:forge:1.12-14.21.1.2387:universal@jar","stage":"install_forge"}
{"msg":"installing maven artifact","level":"INFO","ts":"2017-09-28T20:23:03.300824200+01:00","repo":"http://files.minecraftforge.net/maven/","artifact":"net.minecraftforge:forge:1.12-14.21.1.2387:universal@jar","stage":"install_forge"}
{"msg":"symlinking \"./mvn_cache/net\\\\minecraftforge\\\\forge\\\\1.12-14.21.1.2387\\\\forge-1.12-14.21.1.2387-universal.jar\" to \"C:\\\\Users\\\\euan\\\\AppData\\\\Roaming\\\\.minecraft\\\\libraries\\\\net\\\\minecraftforge\\\\forge\\\\1.12-14.21.1.2387\\\\forge-1.12-14.21.1.2387.jar\"","level":"INFO","ts":"2017-09-28T20:23:03.340829500+01:00","repo":"http://files.minecraftforge.net/maven/","artifact":"net.minecraftforge:forge:1.12-14.21.1.2387:universal@jar","stage":"install_forge"}
{"msg":"Symlink permission denied, falling back to copy","level":"WARN","ts":"2017-09-28T20:23:03.345831300+01:00","repo":"http://files.minecraftforge.net/maven/","artifact":"net.minecraftforge:forge:1.12-14.21.1.2387:universal@jar","stage":"install_forge"}
{"msg":"item was already cached","level":"INFO","ts":"2017-09-28T20:23:03.385836600+01:00","cached_path":"./curse_cache/tinkers-construct\\2464452","stage":"download_modlist"}
{"msg":"installing item","level":"INFO","ts":"2017-09-28T20:23:03.390836+01:00","stage":"download_modlist","location":".\\Euan_s_1_12_1_pack\\mods"}
{"msg":"symlinking \"./curse_cache/tinkers-construct\\\\2464452\\\\download\" to \".\\\\Euan_s_1_12_1_pack\\\\mods\\\\download\"","level":"INFO","ts":"2017-09-28T20:23:03.431841500+01:00","stage":"download_modlist"}
{"msg":"symlink permission denied, falling back to copy","level":"WARN","ts":"2017-09-28T20:23:03.434341700+01:00","stage":"download_modlist"}
{"msg":"item was already cached","level":"INFO","ts":"2017-09-28T20:23:03.455344400+01:00","cached_path":"./curse_cache/just-enough-items-jei\\2462245","stage":"download_modlist"}
{"msg":"installing item","level":"INFO","ts":"2017-09-28T20:23:03.458348100+01:00","stage":"download_modlist","location":".\\Euan_s_1_12_1_pack\\mods"}
{"msg":"symlinking \"./curse_cache/just-enough-items-jei\\\\2462245\\\\download\" to \".\\\\Euan_s_1_12_1_pack\\\\mods\\\\download\"","level":"INFO","ts":"2017-09-28T20:23:03.470846500+01:00","stage":"download_modlist"}
{"msg":"symlink permission denied, falling back to copy","level":"WARN","ts":"2017-09-28T20:23:03.472847100+01:00","stage":"download_modlist"}
{"msg":"item was already cached","level":"INFO","ts":"2017-09-28T20:23:03.478348100+01:00","cached_path":"./curse_cache/tinkers-tool-leveling\\2474358","stage":"download_modlist"}
{"msg":"installing item","level":"INFO","ts":"2017-09-28T20:23:03.483347900+01:00","stage":"download_modlist","location":".\\Euan_s_1_12_1_pack\\mods"}
{"msg":"symlinking \"./curse_cache/tinkers-tool-leveling\\\\2474358\\\\download\" to \".\\\\Euan_s_1_12_1_pack\\\\mods\\\\download\"","level":"INFO","ts":"2017-09-28T20:23:03.518354300+01:00","stage":"download_modlist"}
{"msg":"symlink permission denied, falling back to copy","level":"WARN","ts":"2017-09-28T20:23:03.520355300+01:00","stage":"download_modlist"}
{"msg":"item was already cached","level":"INFO","ts":"2017-09-28T20:23:03.524354+01:00","cached_path":"./curse_cache/mantle\\2474052","stage":"download_modlist"}
{"msg":"installing item","level":"INFO","ts":"2017-09-28T20:23:03.527853400+01:00","stage":"download_modlist","location":".\\Euan_s_1_12_1_pack\\mods"}
{"msg":"symlinking \"./curse_cache/mantle\\\\2474052\\\\download\" to \".\\\\Euan_s_1_12_1_pack\\\\mods\\\\download\"","level":"INFO","ts":"2017-09-28T20:23:03.549356200+01:00","stage":"download_modlist"}
{"msg":"symlink permission denied, falling back to copy","level":"WARN","ts":"2017-09-28T20:23:03.551356300+01:00","stage":"download_modlist"}
{"msg":"Read profiles key","level":"DEBG","ts":"2017-09-28T20:23:03.603363800+01:00","key":"Euan's 1.12.1 pack","profiles":"{\"Eroc33\": Object({\"lastUsed\": String(\"1970-01-01T00:00:00.002Z\"), \"type\": String(\"latest-release\")}), \"Euan\\'s 1.10.2 pack\": Object({\"created\": String(\"1970-01-01T00:00:00.002Z\"), \"gameDir\": String(\"D:\\\\dev\\\\rust\\\\modpack_tool\\\\Euan_s_1_10_2_pack\"), \"javaArgs\": String(\"-Xms4G -Xmx4G\"), \"lastUsed\": String(\"2017-02-12T18:39:06.708Z\"), \"lastVersionId\": String(\"1.10.2-forge1.10.2-12.18.2.2166\"), \"name\": String(\"Euan\\'s 1.10.2 pack\"), \"type\": String(\"custom\")}), \"Euan\\'s 1.12.1 pack\": Object({\"created\": String(\"2017-09-28T18:40:50.085Z\"), \"gameDir\": String(\"D:\\\\dev\\\\rust\\\\modpack_tool\\\\Euan_s_1_12_1_pack\"), \"javaArgs\": String(\"-Xms2G -Xmx2G\"), \"lastUsed\": String(\"2017-09-28T18:41:17.285Z\"), \"lastVersionId\": String(\"1.12-forge1.12-14.21.1.2387\"), \"name\": String(\"Euan\\'s 1.12.1 pack\"), \"type\": String(\"custom\")}), \"Snapshot\": Object({\"lastUsed\": String(\"2017-02-12T19:29:32.030Z\"), \"type\": String(\"latest-snapshot\")}), \"Test\": Object({\"created\": String(\"1970-01-01T00:00:00.002Z\"), \"gameDir\": String(\"D:\\\\dev\\\\rust\\\\modpack_tool\\\\Test\"), \"javaArgs\": String(\"-Xms2G -Xmx2G\"), \"lastUsed\": String(\"1970-01-01T00:00:00.002Z\"), \"lastVersionId\": String(\"1.10.2-forge1.10.2-12.18.1.2093\"), \"name\": String(\"Test\"), \"type\": String(\"custom\")})}"}
{"msg":"done","level":"INFO","ts":"2017-09-28T20:23:03.614865900+01:00"}
