{"msg":"loading pack config","level":"INFO","ts":"2017-11-19T19:06:00.160101100+00:00"}
{"msg":"Creating pack folder","level":"TRCE","ts":"2017-11-19T19:06:00.179103700+00:00","stage":"install_forge"}
{"msg":"Created pack folder","level":"TRCE","ts":"2017-11-19T19:06:00.228105100+00:00","stage":"install_forge"}
{"msg":"caching maven artifact","level":"INFO","ts":"2017-11-19T19:06:00.239105600+00:00","cached_path":"./mvn_cache/net\\minecraftforge\\forge\\1.12.2-14.23.0.2512\\forge-1.12.2-14.23.0.2512-universal.jar","repo":"http://files.minecraftforge.net/maven/","artifact":"net.minecraftforge:forge:1.12.2-14.23.0.2512:universal@jar","stage":"install_forge"}
{"msg":"artifact was already cached","level":"INFO","ts":"2017-11-19T19:06:00.242104900+00:00","cached_path":"./mvn_cache/net\\minecraftforge\\forge\\1.12.2-14.23.0.2512\\forge-1.12.2-14.23.0.2512-universal.jar","repo":"http://files.minecraftforge.net/maven/","artifact":"net.minecraftforge:forge:1.12.2-14.23.0.2512:universal@jar","stage":"install_forge"}
{"msg":"Opening forge jar","level":"DEBG","ts":"2017-11-19T19:06:00.283110+00:00","stage":"install_forge"}
{"msg":"Reading version json","level":"DEBG","ts":"2017-11-19T19:06:00.425116600+00:00","stage":"install_forge"}
{"msg":"creating profile folder","level":"DEBG","ts":"2017-11-19T19:06:00.460116600+00:00","stage":"install_forge"}
{"msg":"saving version json to minecraft install loc","level":"DEBG","ts":"2017-11-19T19:06:00.464116700+00:00","stage":"install_forge"}
{"msg":"Applying version json hacks","level":"DEBG","ts":"2017-11-19T19:06:00.469117500+00:00","stage":"install_forge"}
{"msg":"caching maven artifact","level":"INFO","ts":"2017-11-19T19:06:00.507118900+00:00","cached_path":"./mvn_cache/net\\minecraftforge\\forge\\1.12.2-14.23.0.2512\\forge-1.12.2-14.23.0.2512-universal.jar","repo":"http://files.minecraftforge.net/maven/","artifact":"net.minecraftforge:forge:1.12.2-14.23.0.2512:universal@jar","stage":"install_forge"}
{"msg":"artifact was already cached","level":"INFO","ts":"2017-11-19T19:06:00.511121400+00:00","cached_path":"./mvn_cache/net\\minecraftforge\\forge\\1.12.2-14.23.0.2512\\forge-1.12.2-14.23.0.2512-universal.jar","repo":"http://files.minecraftforge.net/maven/","artifact":"net.minecraftforge:forge:1.12.2-14.23.0.2512:universal@jar","stage":"install_forge"}
{"msg":"installing maven artifact","level":"INFO","ts":"2017-11-19T19:06:00.514119800+00:00","repo":"http://files.minecraftforge.net/maven/","artifact":"net.minecraftforge:forge:1.12.2-14.23.0.2512:universal@jar","stage":"install_forge"}
{"msg":"symlinking \"./mvn_cache/net\\\\minecraftforge\\\\forge\\\\1.12.2-14.23.0.2512\\\\forge-1.12.2-14.23.0.2512-universal.jar\" to \"C:\\\\Users\\\\euan\\\\AppData\\\\Roaming\\\\.minecraft\\\\libraries\\\\net\\\\minecraftforge\\\\forge\\\\1.12.2-14.23.0.2512\\\\forge-1.12.2-14.23.0.2512.jar\"","level":"INFO","ts":"2017-11-19T19:06:00.539121100+00:00","repo":"http://files.minecraftforge.net/maven/","artifact":"net.minecraftforge:forge:1.12.2-14.23.0.2512:universal@jar","stage":"install_forge"}
{"msg":"Symlink permission denied, falling back to copy","level":"WARN","ts":"2017-11-19T19:06:00.542121400+00:00","repo":"http://files.minecraftforge.net/maven/","artifact":"net.minecraftforge:forge:1.12.2-14.23.0.2512:universal@jar","stage":"install_forge"}
{"msg":"item was already cached","level":"INFO","ts":"2017-11-19T19:06:00.725133+00:00","cached_path":"./curse_cache/morph-o-tool\\2475117","stage":"download_modlist"}
{"msg":"installing item","level":"INFO","ts":"2017-11-19T19:06:00.728131900+00:00","stage":"download_modlist","location":".\\Euan_s_1_12_2_pack\\mods"}
{"msg":"symlinking \"./curse_cache/morph-o-tool\\\\2475117\\\\Morph-o-Tool-1.2-16.jar\" to \".\\\\Euan_s_1_12_2_pack\\\\mods\\\\Morph-o-Tool-1.2-16.jar\"","level":"INFO","ts":"2017-11-19T19:06:00.743133400+00:00","stage":"download_modlist"}
{"msg":"symlink permission denied, falling back to copy","level":"WARN","ts":"2017-11-19T19:06:00.746132800+00:00","stage":"download_modlist"}
{"msg":"item was already cached","level":"INFO","ts":"2017-11-19T19:06:01.074152800+00:00","cached_path":"./curse_cache/tinkers-tool-leveling\\2474358","stage":"download_modlist"}
{"msg":"installing item","level":"INFO","ts":"2017-11-19T19:06:01.084155+00:00","stage":"download_modlist","location":".\\Euan_s_1_12_2_pack\\mods"}
{"msg":"symlinking \"./curse_cache/tinkers-tool-leveling\\\\2474358\\\\TinkerToolLeveling-1.12-1.0.2b.jar\" to \".\\\\Euan_s_1_12_2_pack\\\\mods\\\\TinkerToolLeveling-1.12-1.0.2b.jar\"","level":"INFO","ts":"2017-11-19T19:06:01.114155200+00:00","stage":"download_modlist"}
{"msg":"symlink permission denied, falling back to copy","level":"WARN","ts":"2017-11-19T19:06:01.124154900+00:00","stage":"download_modlist"}
{"msg":"item was already cached","level":"INFO","ts":"2017-11-19T19:06:01.151156300+00:00","cached_path":"./curse_cache/akashic-tome\\2476494","stage":"download_modlist"}
{"msg":"installing item","level":"INFO","ts":"2017-11-19T19:06:01.160157200+00:00","stage":"download_modlist","location":".\\Euan_s_1_12_2_pack\\mods"}
{"msg":"symlinking \"./curse_cache/akashic-tome\\\\2476494\\\\AkashicTome-1.2-10.jar\" to \".\\\\Euan_s_1_12_2_pack\\\\mods\\\\AkashicTome-1.2-10.jar\"","level":"INFO","ts":"2017-11-19T19:06:01.181158900+00:00","stage":"download_modlist"}
{"msg":"symlink permission denied, falling back to copy","level":"WARN","ts":"2017-11-19T19:06:01.186159200+00:00","stage":"download_modlist"}
{"msg":"item was already cached","level":"INFO","ts":"2017-11-19T19:06:01.707191200+00:00","cached_path":"./curse_cache/autoreglib\\2490431","stage":"download_modlist"}
{"msg":"installing item","level":"INFO","ts":"2017-11-19T19:06:01.710188100+00:00","stage":"download_modlist","location":".\\Euan_s_1_12_2_pack\\mods"}
{"msg":"symlinking \"./curse_cache/autoreglib\\\\2490431\\\\AutoRegLib-1.3-14.jar\" to \".\\\\Euan_s_1_12_2_pack\\\\mods\\\\AutoRegLib-1.3-14.jar\"","level":"INFO","ts":"2017-11-19T19:06:01.727189700+00:00","stage":"download_modlist"}
{"msg":"symlink permission denied, falling back to copy","level":"WARN","ts":"2017-11-19T19:06:01.730190500+00:00","stage":"download_modlist"}
{"msg":"item was already cached","level":"INFO","ts":"2017-11-19T19:06:01.784192600+00:00","cached_path":"./curse_cache/mantle\\2474052","stage":"download_modlist"}
{"msg":"installing item","level":"INFO","ts":"2017-11-19T19:06:01.787194400+00:00","stage":"download_modlist","location":".\\Euan_s_1_12_2_pack\\mods"}
{"msg":"symlinking \"./curse_cache/mantle\\\\2474052\\\\Mantle-1.12-1.3.1.21.jar\" to \".\\\\Euan_s_1_12_2_pack\\\\mods\\\\Mantle-1.12-1.3.1.21.jar\"","level":"INFO","ts":"2017-11-19T19:06:01.801193300+00:00","stage":"download_modlist"}
{"msg":"symlink permission denied, falling back to copy","level":"WARN","ts":"2017-11-19T19:06:01.805194800+00:00","stage":"download_modlist"}
{"msg":"item was already cached","level":"INFO","ts":"2017-11-19T19:06:01.934201400+00:00","cached_path":"./curse_cache/rftools-control\\2451161","stage":"download_modlist"}
{"msg":"installing item","level":"INFO","ts":"2017-11-19T19:06:01.937201700+00:00","stage":"download_modlist","location":".\\Euan_s_1_12_2_pack\\mods"}
{"msg":"symlinking \"./curse_cache/rftools-control\\\\2451161\\\\rftoolsctrl-1.12-1.6.8.jar\" to \".\\\\Euan_s_1_12_2_pack\\\\mods\\\\rftoolsctrl-1.12-1.6.8.jar\"","level":"INFO","ts":"2017-11-19T19:06:01.951203500+00:00","stage":"download_modlist"}
{"msg":"symlink permission denied, falling back to copy","level":"WARN","ts":"2017-11-19T19:06:01.954203300+00:00","stage":"download_modlist"}
{"msg":"item was already cached","level":"INFO","ts":"2017-11-19T19:06:02.081211300+00:00","cached_path":"./curse_cache/rftools-dimensions\\2478237","stage":"download_modlist"}
{"msg":"installing item","level":"INFO","ts":"2017-11-19T19:06:02.087211400+00:00","stage":"download_modlist","location":".\\Euan_s_1_12_2_pack\\mods"}
{"msg":"symlinking \"./curse_cache/rftools-dimensions\\\\2478237\\\\rftoolsdim-1.12-5.05.jar\" to \".\\\\Euan_s_1_12_2_pack\\\\mods\\\\rftoolsdim-1.12-5.05.jar\"","level":"INFO","ts":"2017-11-19T19:06:02.109213800+00:00","stage":"download_modlist"}
{"msg":"symlink permission denied, falling back to copy","level":"WARN","ts":"2017-11-19T19:06:02.118220600+00:00","stage":"download_modlist"}
{"msg":"item was already cached","level":"INFO","ts":"2017-11-19T19:06:02.215219100+00:00","cached_path":"./curse_cache/mcjtylib\\2451959","stage":"download_modlist"}
{"msg":"installing item","level":"INFO","ts":"2017-11-19T19:06:02.222219100+00:00","stage":"download_modlist","location":".\\Euan_s_1_12_2_pack\\mods"}
{"msg":"symlinking \"./curse_cache/mcjtylib\\\\2451959\\\\mcjtylib-1.12-2.4.4.jar\" to \".\\\\Euan_s_1_12_2_pack\\\\mods\\\\mcjtylib-1.12-2.4.4.jar\"","level":"INFO","ts":"2017-11-19T19:06:02.237220100+00:00","stage":"download_modlist"}
{"msg":"symlink permission denied, falling back to copy","level":"WARN","ts":"2017-11-19T19:06:02.243218800+00:00","stage":"download_modlist"}
{"msg":"item was already cached","level":"INFO","ts":"2017-11-19T19:06:02.285223100+00:00","cached_path":"./curse_cache/tinkers-construct\\2490867","stage":"download_modlist"}
{"msg":"installing item","level":"INFO","ts":"2017-11-19T19:06:02.291224300+00:00","stage":"download_modlist","location":".\\Euan_s_1_12_2_pack\\mods"}
{"msg":"symlinking \"./curse_cache/tinkers-construct\\\\2490867\\\\TConstruct-1.12-2.7.4.34.jar\" to \".\\\\Euan_s_1_12_2_pack\\\\mods\\\\TConstruct-1.12-2.7.4.34.jar\"","level":"INFO","ts":"2017-11-19T19:06:02.305222100+00:00","stage":"download_modlist"}
{"msg":"symlink permission denied, falling back to copy","level":"WARN","ts":"2017-11-19T19:06:02.307222200+00:00","stage":"download_modlist"}
{"msg":"item was already cached","level":"INFO","ts":"2017-11-19T19:06:02.381227700+00:00","cached_path":"./curse_cache/veinminer\\2457081","stage":"download_modlist"}
{"msg":"installing item","level":"INFO","ts":"2017-11-19T19:06:02.384229500+00:00","stage":"download_modlist","location":".\\Euan_s_1_12_2_pack\\mods"}
{"msg":"symlinking \"./curse_cache/veinminer\\\\2457081\\\\VeinMiner-1.12-0.38.1.639+134fb1e.jar\" to \".\\\\Euan_s_1_12_2_pack\\\\mods\\\\VeinMiner-1.12-0.38.1.639+134fb1e.jar\"","level":"INFO","ts":"2017-11-19T19:06:02.402230400+00:00","stage":"download_modlist"}
{"msg":"symlink permission denied, falling back to copy","level":"WARN","ts":"2017-11-19T19:06:02.405228800+00:00","stage":"download_modlist"}
{"msg":"item was already cached","level":"INFO","ts":"2017-11-19T19:06:02.435229900+00:00","cached_path":"./curse_cache/rftools\\2491667","stage":"download_modlist"}
{"msg":"installing item","level":"INFO","ts":"2017-11-19T19:06:02.440231300+00:00","stage":"download_modlist","location":".\\Euan_s_1_12_2_pack\\mods"}
{"msg":"symlinking \"./curse_cache/rftools\\\\2491667\\\\rftools-1.12-7.12.jar\" to \".\\\\Euan_s_1_12_2_pack\\\\mods\\\\rftools-1.12-7.12.jar\"","level":"INFO","ts":"2017-11-19T19:06:02.454231600+00:00","stage":"download_modlist"}
{"msg":"symlink permission denied, falling back to copy","level":"WARN","ts":"2017-11-19T19:06:02.457230900+00:00","stage":"download_modlist"}
{"msg":"item was already cached","level":"INFO","ts":"2017-11-19T19:06:02.516235400+00:00","cached_path":"./curse_cache/quark\\2495094","stage":"download_modlist"}
{"msg":"installing item","level":"INFO","ts":"2017-11-19T19:06:02.520236500+00:00","stage":"download_modlist","location":".\\Euan_s_1_12_2_pack\\mods"}
{"msg":"symlinking \"./curse_cache/quark\\\\2495094\\\\Quark-r1.3-114.jar\" to \".\\\\Euan_s_1_12_2_pack\\\\mods\\\\Quark-r1.3-114.jar\"","level":"INFO","ts":"2017-11-19T19:06:02.541238200+00:00","stage":"download_modlist"}
{"msg":"symlink permission denied, falling back to copy","level":"WARN","ts":"2017-11-19T19:06:02.544236+00:00","stage":"download_modlist"}
{"msg":"item was already cached","level":"INFO","ts":"2017-11-19T19:06:02.601242900+00:00","cached_path":"./curse_cache/astral-sorcery\\2495328","stage":"download_modlist"}
{"msg":"installing item","level":"INFO","ts":"2017-11-19T19:06:02.605241100+00:00","stage":"download_modlist","location":".\\Euan_s_1_12_2_pack\\mods"}
{"msg":"symlinking \"./curse_cache/astral-sorcery\\\\2495328\\\\astralsorcery-1.12.2-1.7.2.jar\" to \".\\\\Euan_s_1_12_2_pack\\\\mods\\\\astralsorcery-1.12.2-1.7.2.jar\"","level":"INFO","ts":"2017-11-19T19:06:02.621240900+00:00","stage":"download_modlist"}
{"msg":"symlink permission denied, falling back to copy","level":"WARN","ts":"2017-11-19T19:06:02.623242400+00:00","stage":"download_modlist"}
{"msg":"item was already cached","level":"INFO","ts":"2017-11-19T19:06:02.773248700+00:00","cached_path":"./curse_cache/just-enough-items-jei\\2496408","stage":"download_modlist"}
{"msg":"installing item","level":"INFO","ts":"2017-11-19T19:06:02.777248800+00:00","stage":"download_modlist","location":".\\Euan_s_1_12_2_pack\\mods"}
{"msg":"symlinking \"./curse_cache/just-enough-items-jei\\\\2496408\\\\jei_1.12.2-4.8.0.111.jar\" to \".\\\\Euan_s_1_12_2_pack\\\\mods\\\\jei_1.12.2-4.8.0.111.jar\"","level":"INFO","ts":"2017-11-19T19:06:02.792249900+00:00","stage":"download_modlist"}
{"msg":"symlink permission denied, falling back to copy","level":"WARN","ts":"2017-11-19T19:06:02.795252100+00:00","stage":"download_modlist"}
{"msg":"item is not cached, downloading now","level":"INFO","ts":"2017-11-19T19:06:02.825251800+00:00","cached_path":"./curse_cache/gravestone-mod\\2482114","stage":"download_modlist"}
{"msg":"Downloading ./curse_cache/gravestone-mod\\2482114","level":"TRCE","ts":"2017-11-19T19:06:02.830252200+00:00","uri":"http://minecraft.curseforge.com/projects/gravestone-mod/files/2482114/download","cached_path":"./curse_cache/gravestone-mod\\2482114","stage":"download_modlist"}
{"msg":"Creating dir ./curse_cache/gravestone-mod\\2482114","level":"TRCE","ts":"2017-11-19T19:06:02.854254200+00:00","uri":"http://minecraft.curseforge.com/projects/gravestone-mod/files/2482114/download","cached_path":"./curse_cache/gravestone-mod\\2482114","stage":"download_modlist"}
{"msg":"Doing the request now","level":"TRCE","ts":"2017-11-19T19:06:02.858256700+00:00","uri":"http://minecraft.curseforge.com/projects/gravestone-mod/files/2482114/download","cached_path":"./curse_cache/gravestone-mod\\2482114","stage":"download_modlist"}
{"msg":"item is not cached, downloading now","level":"INFO","ts":"2017-11-19T19:06:02.910257400+00:00","cached_path":"./curse_cache/compact-machines\\2498195","stage":"download_modlist"}
{"msg":"Downloading ./curse_cache/compact-machines\\2498195","level":"TRCE","ts":"2017-11-19T19:06:02.917258300+00:00","uri":"http://minecraft.curseforge.com/projects/compact-machines/files/2498195/download","cached_path":"./curse_cache/compact-machines\\2498195","stage":"download_modlist"}
{"msg":"Creating dir ./curse_cache/compact-machines\\2498195","level":"TRCE","ts":"2017-11-19T19:06:02.921260800+00:00","uri":"http://minecraft.curseforge.com/projects/compact-machines/files/2498195/download","cached_path":"./curse_cache/compact-machines\\2498195","stage":"download_modlist"}
{"msg":"Doing the request now","level":"TRCE","ts":"2017-11-19T19:06:02.924260700+00:00","uri":"http://minecraft.curseforge.com/projects/compact-machines/files/2498195/download","cached_path":"./curse_cache/compact-machines\\2498195","stage":"download_modlist"}
{"msg":"item is not cached, downloading now","level":"INFO","ts":"2017-11-19T19:06:02.930260300+00:00","cached_path":"./curse_cache/extra-utilities\\2497041","stage":"download_modlist"}
{"msg":"Downloading ./curse_cache/extra-utilities\\2497041","level":"TRCE","ts":"2017-11-19T19:06:02.935261100+00:00","uri":"http://minecraft.curseforge.com/projects/extra-utilities/files/2497041/download","cached_path":"./curse_cache/extra-utilities\\2497041","stage":"download_modlist"}
{"msg":"Creating dir ./curse_cache/extra-utilities\\2497041","level":"TRCE","ts":"2017-11-19T19:06:02.939260700+00:00","uri":"http://minecraft.curseforge.com/projects/extra-utilities/files/2497041/download","cached_path":"./curse_cache/extra-utilities\\2497041","stage":"download_modlist"}
{"msg":"Doing the request now","level":"TRCE","ts":"2017-11-19T19:06:02.942261500+00:00","uri":"http://minecraft.curseforge.com/projects/extra-utilities/files/2497041/download","cached_path":"./curse_cache/extra-utilities\\2497041","stage":"download_modlist"}
{"msg":"item is not cached, downloading now","level":"INFO","ts":"2017-11-19T19:06:02.949261500+00:00","cached_path":"./curse_cache/advanced-generators\\2494379","stage":"download_modlist"}
{"msg":"Downloading ./curse_cache/advanced-generators\\2494379","level":"TRCE","ts":"2017-11-19T19:06:02.953261500+00:00","uri":"http://minecraft.curseforge.com/projects/advanced-generators/files/2494379/download","cached_path":"./curse_cache/advanced-generators\\2494379","stage":"download_modlist"}
{"msg":"Creating dir ./curse_cache/advanced-generators\\2494379","level":"TRCE","ts":"2017-11-19T19:06:02.957262100+00:00","uri":"http://minecraft.curseforge.com/projects/advanced-generators/files/2494379/download","cached_path":"./curse_cache/advanced-generators\\2494379","stage":"download_modlist"}
{"msg":"Doing the request now","level":"TRCE","ts":"2017-11-19T19:06:02.960259500+00:00","uri":"http://minecraft.curseforge.com/projects/advanced-generators/files/2494379/download","cached_path":"./curse_cache/advanced-generators\\2494379","stage":"download_modlist"}
{"msg":"item is not cached, downloading now","level":"INFO","ts":"2017-11-19T19:06:02.965259900+00:00","cached_path":"./curse_cache/general-laymans-aesthetic-spying-screen-glass\\2501251","stage":"download_modlist"}
{"msg":"Downloading ./curse_cache/general-laymans-aesthetic-spying-screen-glass\\2501251","level":"TRCE","ts":"2017-11-19T19:06:02.972261200+00:00","uri":"http://minecraft.curseforge.com/projects/general-laymans-aesthetic-spying-screen-glass/files/2501251/download","cached_path":"./curse_cache/general-laymans-aesthetic-spying-screen-glass\\2501251","stage":"download_modlist"}
{"msg":"Creating dir ./curse_cache/general-laymans-aesthetic-spying-screen-glass\\2501251","level":"TRCE","ts":"2017-11-19T19:06:02.974260300+00:00","uri":"http://minecraft.curseforge.com/projects/general-laymans-aesthetic-spying-screen-glass/files/2501251/download","cached_path":"./curse_cache/general-laymans-aesthetic-spying-screen-glass\\2501251","stage":"download_modlist"}
{"msg":"Doing the request now","level":"TRCE","ts":"2017-11-19T19:06:02.979263600+00:00","uri":"http://minecraft.curseforge.com/projects/general-laymans-aesthetic-spying-screen-glass/files/2501251/download","cached_path":"./curse_cache/general-laymans-aesthetic-spying-screen-glass\\2501251","stage":"download_modlist"}
{"msg":"Request done","level":"TRCE","ts":"2017-11-19T19:06:04.160865200+00:00","uri":"http://minecraft.curseforge.com/projects/general-laymans-aesthetic-spying-screen-glass/files/2501251/download","cached_path":"./curse_cache/general-laymans-aesthetic-spying-screen-glass\\2501251","stage":"download_modlist"}
{"msg":"Saving the file to ./curse_cache/general-laymans-aesthetic-spying-screen-glass\\2501251\\GeneralLaymansAestheticSpyingScreen-1.12.2-7.0.0.jar","level":"TRCE","ts":"2017-11-19T19:06:04.166865800+00:00","uri":"http://minecraft.curseforge.com/projects/general-laymans-aesthetic-spying-screen-glass/files/2501251/download","cached_path":"./curse_cache/general-laymans-aesthetic-spying-screen-glass\\2501251","stage":"download_modlist"}
{"msg":"Request done","level":"TRCE","ts":"2017-11-19T19:06:04.201887800+00:00","uri":"http://minecraft.curseforge.com/projects/extra-utilities/files/2497041/download","cached_path":"./curse_cache/extra-utilities\\2497041","stage":"download_modlist"}
{"msg":"Saving the file to ./curse_cache/extra-utilities\\2497041\\extrautils2-1.12-1.6.5.jar","level":"TRCE","ts":"2017-11-19T19:06:04.206888700+00:00","uri":"http://minecraft.curseforge.com/projects/extra-utilities/files/2497041/download","cached_path":"./curse_cache/extra-utilities\\2497041","stage":"download_modlist"}
{"msg":"Request done","level":"TRCE","ts":"2017-11-19T19:06:04.238890400+00:00","uri":"http://minecraft.curseforge.com/projects/gravestone-mod/files/2482114/download","cached_path":"./curse_cache/gravestone-mod\\2482114","stage":"download_modlist"}
{"msg":"Saving the file to ./curse_cache/gravestone-mod\\2482114\\gravestone-1.10.0.jar","level":"TRCE","ts":"2017-11-19T19:06:04.243889800+00:00","uri":"http://minecraft.curseforge.com/projects/gravestone-mod/files/2482114/download","cached_path":"./curse_cache/gravestone-mod\\2482114","stage":"download_modlist"}
{"msg":"installing item","level":"INFO","ts":"2017-11-19T19:06:04.316913100+00:00","stage":"download_modlist","location":".\\Euan_s_1_12_2_pack\\mods"}
{"msg":"symlinking \"./curse_cache/gravestone-mod\\\\2482114\\\\gravestone-1.10.0.jar\" to \".\\\\Euan_s_1_12_2_pack\\\\mods\\\\gravestone-1.10.0.jar\"","level":"INFO","ts":"2017-11-19T19:06:04.338914600+00:00","stage":"download_modlist"}
{"msg":"symlink permission denied, falling back to copy","level":"WARN","ts":"2017-11-19T19:06:04.341915400+00:00","stage":"download_modlist"}
{"msg":"installing item","level":"INFO","ts":"2017-11-19T19:06:04.374917400+00:00","stage":"download_modlist","location":".\\Euan_s_1_12_2_pack\\mods"}
{"msg":"symlinking \"./curse_cache/general-laymans-aesthetic-spying-screen-glass\\\\2501251\\\\GeneralLaymansAestheticSpyingScreen-1.12.2-7.0.0.jar\" to \".\\\\Euan_s_1_12_2_pack\\\\mods\\\\GeneralLaymansAestheticSpyingScreen-1.12.2-7.0.0.jar\"","level":"INFO","ts":"2017-11-19T19:06:04.447939800+00:00","stage":"download_modlist"}
{"msg":"symlink permission denied, falling back to copy","level":"WARN","ts":"2017-11-19T19:06:04.457942+00:00","stage":"download_modlist"}
{"msg":"Request done","level":"TRCE","ts":"2017-11-19T19:06:04.677990400+00:00","uri":"http://minecraft.curseforge.com/projects/advanced-generators/files/2494379/download","cached_path":"./curse_cache/advanced-generators\\2494379","stage":"download_modlist"}
{"msg":"Saving the file to ./curse_cache/advanced-generators\\2494379\\generators-0.9.20.9-mc1.12.2.jar","level":"TRCE","ts":"2017-11-19T19:06:04.701009700+00:00","uri":"http://minecraft.curseforge.com/projects/advanced-generators/files/2494379/download","cached_path":"./curse_cache/advanced-generators\\2494379","stage":"download_modlist"}
{"msg":"Request done","level":"TRCE","ts":"2017-11-19T19:06:05.483631500+00:00","uri":"http://minecraft.curseforge.com/projects/compact-machines/files/2498195/download","cached_path":"./curse_cache/compact-machines\\2498195","stage":"download_modlist"}
{"msg":"Saving the file to ./curse_cache/compact-machines\\2498195\\compactmachines3-1.12.2-3.0.1-b161.jar","level":"TRCE","ts":"2017-11-19T19:06:05.505633400+00:00","uri":"http://minecraft.curseforge.com/projects/compact-machines/files/2498195/download","cached_path":"./curse_cache/compact-machines\\2498195","stage":"download_modlist"}
{"msg":"installing item","level":"INFO","ts":"2017-11-19T19:06:06.087208900+00:00","stage":"download_modlist","location":".\\Euan_s_1_12_2_pack\\mods"}
{"msg":"symlinking \"./curse_cache/compact-machines\\\\2498195\\\\compactmachines3-1.12.2-3.0.1-b161.jar\" to \".\\\\Euan_s_1_12_2_pack\\\\mods\\\\compactmachines3-1.12.2-3.0.1-b161.jar\"","level":"INFO","ts":"2017-11-19T19:06:06.119212500+00:00","stage":"download_modlist"}
{"msg":"symlink permission denied, falling back to copy","level":"WARN","ts":"2017-11-19T19:06:06.125213600+00:00","stage":"download_modlist"}
{"msg":"installing item","level":"INFO","ts":"2017-11-19T19:06:06.223228500+00:00","stage":"download_modlist","location":".\\Euan_s_1_12_2_pack\\mods"}
{"msg":"symlinking \"./curse_cache/advanced-generators\\\\2494379\\\\generators-0.9.20.9-mc1.12.2.jar\" to \".\\\\Euan_s_1_12_2_pack\\\\mods\\\\generators-0.9.20.9-mc1.12.2.jar\"","level":"INFO","ts":"2017-11-19T19:06:06.246228300+00:00","stage":"download_modlist"}
{"msg":"symlink permission denied, falling back to copy","level":"WARN","ts":"2017-11-19T19:06:06.251231600+00:00","stage":"download_modlist"}
{"msg":"installing item","level":"INFO","ts":"2017-11-19T19:06:06.390747800+00:00","stage":"download_modlist","location":".\\Euan_s_1_12_2_pack\\mods"}
{"msg":"symlinking \"./curse_cache/extra-utilities\\\\2497041\\\\extrautils2-1.12-1.6.5.jar\" to \".\\\\Euan_s_1_12_2_pack\\\\mods\\\\extrautils2-1.12-1.6.5.jar\"","level":"INFO","ts":"2017-11-19T19:06:06.407748900+00:00","stage":"download_modlist"}
{"msg":"symlink permission denied, falling back to copy","level":"WARN","ts":"2017-11-19T19:06:06.410748700+00:00","stage":"download_modlist"}
{"msg":"Done","level":"INFO","ts":"2017-11-19T19:06:06.460756200+00:00"}
